==============================================================================
Selenium Grid Example                                                         
==============================================================================
Animal Lion                                                           | PASS |
------------------------------------------------------------------------------
Animal Tiger                                                          | PASS |
------------------------------------------------------------------------------
Animal Elephant                                                       | PASS |
------------------------------------------------------------------------------
Animal Hippo                                                          | PASS |
------------------------------------------------------------------------------
Bike Bajaj                                                            | PASS |
------------------------------------------------------------------------------
Bike Hero                                                             | PASS |
------------------------------------------------------------------------------
Bike TVS                                                              | PASS |
------------------------------------------------------------------------------
Bike Bullet                                                           | PASS |
------------------------------------------------------------------------------
Bike Hayabusa                                                         | PASS |
------------------------------------------------------------------------------
Cars Mercedes                                                         | PASS |
------------------------------------------------------------------------------
Cars BMW                                                              | PASS |
------------------------------------------------------------------------------
Cars Maruti                                                           | PASS |
------------------------------------------------------------------------------
Cars Volkswagen                                                       | PASS |
------------------------------------------------------------------------------
Selenium Grid Example                                                 | PASS |
13 tests, 13 passed, 0 failed
==============================================================================
Output:  /opt/robotframework/reports/pabot_results/0/output.xml
